
Makeobj-Experimental, based on Makeobj version 52 for Simutrans 110.0.6 Experimental 9.9 and higher
Experimental version by James E. Petts, derived from Makeobj, (c) 2002-2006 V. Meyer , Hj. Malthaner and 
M. Pristovsek (markus@pristovsek.de). This is open source software, released under the Artistic Licence.

writing invidual files to ./
   reading file ./trams.dat
   writing file ./vehicle.Tram_GT6_Kopf.pak
      packing vehicle.Tram_GT6_Kopf
Reading freightimage[0][s]
Reading freightimage[0][s][0]
Reading emptyimage[s][0]
Reading freightimage[s][0]
Reading freightimage[s]
Writing 8 single livery empty images
Writing 0 non-images
   writing file ./vehicle.Tram_GT6_Ende.pak
      packing vehicle.Tram_GT6_Ende
Reading freightimage[0][s]
Reading freightimage[0][s][0]
Reading emptyimage[s][0]
Reading freightimage[s][0]
Reading freightimage[s]
Writing 8 single livery empty images
Writing 0 non-images
   writing file ./vehicle.Lowa.pak
      packing vehicle.Lowa
Reading freightimage[0][s]
Reading freightimage[0][s][0]
Reading emptyimage[s][0]
Reading freightimage[s][0]
Reading freightimage[s]
Writing 8 single livery empty images
Writing 0 non-images
   writing file ./vehicle.Lowa_Anhaenger.pak
      packing vehicle.Lowa_Anhaenger
Reading freightimage[0][s]
Reading freightimage[0][s][0]
Reading emptyimage[s][0]
Reading freightimage[s][0]
Reading freightimage[s]
Writing 8 single livery empty images
Writing 0 non-images
   writing file ./vehicle.Tatra-T4.pak
      packing vehicle.Tatra-T4
Reading freightimage[0][s]
Reading freightimage[0][s][0]
Reading emptyimage[s][0]
Reading freightimage[s][0]
Reading freightimage[s]
Writing 8 single livery empty images
Writing 0 non-images
   writing file ./vehicle.Tatra-T4_Wagon.pak
      packing vehicle.Tatra-T4_Wagon
Reading freightimage[0][s]
Reading freightimage[0][s][0]
Reading emptyimage[s][0]
Reading freightimage[s][0]
Reading freightimage[s]
Writing 8 single livery empty images
Writing 0 non-images
   writing file ./vehicle.Pferdebahn.pak
      packing vehicle.Pferdebahn
Reading freightimage[0][s]
Reading freightimage[0][s][0]
Reading emptyimage[s][0]
Reading freightimage[s][0]
Reading freightimage[s]
Writing 8 single livery empty images
Writing 0 non-images
   writing file ./vehicle.Pferdebahnwagen.pak
      packing vehicle.Pferdebahnwagen
Reading freightimage[0][s]
Reading freightimage[0][s][0]
Reading emptyimage[s][0]
Reading freightimage[s][0]
Reading freightimage[s]
Writing 4 single livery empty images
Writing 0 non-images
   writing file ./vehicle.T24.pak
      packing vehicle.T24
Reading freightimage[0][s]
Reading freightimage[0][s][0]
Reading emptyimage[s][0]
Reading freightimage[s][0]
Reading freightimage[s]
Writing 4 single livery empty images
Writing 0 non-images
   writing file ./vehicle.TB24.pak
      packing vehicle.TB24
Reading freightimage[0][s]
Reading freightimage[0][s][0]
Reading emptyimage[s][0]
Reading freightimage[s][0]
Reading freightimage[s]
Writing 4 single livery empty images
Writing 0 non-images
   writing file ./vehicle.T13.pak
      packing vehicle.T13
Reading freightimage[0][s]
Reading freightimage[0][s][0]
Reading emptyimage[s][0]
Reading freightimage[s][0]
Reading freightimage[s]
Writing 8 single livery empty images
Writing 0 non-images
   writing file ./vehicle.TB13.pak
      packing vehicle.TB13
Reading freightimage[0][s]
Reading freightimage[0][s][0]
Reading emptyimage[s][0]
Reading freightimage[s][0]
Reading freightimage[s]
Writing 4 single livery empty images
Writing 0 non-images
