
Makeobj-Experimental, based on Makeobj version 52 for Simutrans 110.0.6 Experimental 9.9 and higher
Experimental version by James E. Petts, derived from Makeobj, (c) 2002-2006 V. Meyer , Hj. Malthaner and 
M. Pristovsek (markus@pristovsek.de). This is open source software, released under the Artistic Licence.

Image size is set to 64x64
writing invidual files to ./
   reading file ./ships.dat
   writing file ./vehicle.SlowFerry.pak
      packing vehicle.SlowFerry
Reading freightimage[0][s]
Reading freightimage[0][s][0]
Reading emptyimage[s][0]
Reading freightimage[s][0]
Reading freightimage[s]
Writing 8 single livery empty images
Writing 0 non-images
   writing file ./vehicle.FastFerry.pak
      packing vehicle.FastFerry
Reading freightimage[0][s]
Reading freightimage[0][s][0]
Reading emptyimage[s][0]
Reading freightimage[s][0]
Reading freightimage[s]
Writing 8 single livery empty images
Writing 0 non-images
   writing file ./vehicle.Godm_Spitz.pak
      packing vehicle.Godm_Spitz
Reading freightimage[0][s]
Reading freightimage[0][s][0]
Reading emptyimage[s][0]
Reading freightimage[s][0]
Reading freightimage[s]
Writing 8 single livery empty images
Writing 0 non-images
   writing file ./vehicle.schooner.pak
      packing vehicle.schooner
Reading freightimage[0][s]
Reading freightimage[0][s][0]
Reading emptyimage[s][0]
Reading freightimage[s][0]
Reading freightimage[s]
Writing 8 single livery empty images
Writing 0 non-images
   writing file ./vehicle.Viggen.pak
      packing vehicle.Viggen
Reading freightimage[0][s]
Reading freightimage[0][s][0]
Reading emptyimage[s][0]
Reading freightimage[s][0]
Reading freightimage[s]
Writing 8 single livery empty images
Writing 0 non-images
   writing file ./vehicle.Steamer.pak
      packing vehicle.Steamer
Reading freightimage[0][s]
Reading freightimage[0][s][0]
Reading emptyimage[s][0]
Reading freightimage[s][0]
Reading freightimage[s]
Writing 8 single livery empty images
Writing 0 non-images
   writing file ./vehicle.Turgot.pak
      packing vehicle.Turgot
Reading freightimage[0][s]
Reading freightimage[0][s][0]
Reading emptyimage[s][0]
Reading freightimage[s][0]
Reading freightimage[s]
Writing 8 single livery empty images
Writing 0 non-images
   writing file ./vehicle.Postschiff.pak
      packing vehicle.Postschiff
Reading freightimage[0][s]
Reading freightimage[0][s][0]
Reading emptyimage[s][0]
Reading freightimage[s][0]
Reading freightimage[s]
Writing 8 single livery empty images
Writing 0 non-images
   writing file ./vehicle.Schooner_Bark.pak
      packing vehicle.Schooner_Bark
Reading freightimage[0][s]
Reading freightimage[0][s][0]
Reading emptyimage[s][0]
Reading freightimage[s][0]
Reading freightimage[s]
Writing 8 single livery empty images
Writing 0 non-images
   writing file ./vehicle.teaclipper.pak
      packing vehicle.teaclipper
Reading freightimage[0][s]
Reading freightimage[0][s][0]
Reading emptyimage[s][0]
Reading freightimage[s][0]
Reading freightimage[s]
Writing 8 single livery empty images
Writing 0 non-images
   writing file ./vehicle.Tugboat.pak
      packing vehicle.Tugboat
Reading freightimage[0][s]
Reading freightimage[0][s][0]
Reading emptyimage[s][0]
Reading freightimage[s][0]
Reading freightimage[s]
Writing 8 single livery empty images
Writing 0 non-images
   writing file ./vehicle.Oilbarge.pak
      packing vehicle.Oilbarge
Reading freightimage[0][s]
Reading freightimage[0][s][0]
Reading emptyimage[s][0]
Reading freightimage[s][0]
Reading freightimage[s]
Reading freightimage[s]
Reading freightimage[s]
Reading freightimage[s]
Reading freightimage[s]
Reading freightimage[s]
Reading freightimage[s]
Reading freightimage[s]
Reading freightimage[s]
Reading freightimage[s]
Reading freightimage[s]
Reading freightimage[s]
Reading freightimage[s]
Reading freightimage[s]
Reading freightimage[s]
Reading freightimage[s]
Reading freightimage[s]
Reading freightimage[s]
Reading freightimage[s]
Reading freightimage[s]
Reading freightimage[s]
Reading freightimage[s]
Reading freightimage[s]
Reading freightimage[s]
Reading freightimage[s]
Reading freightimage[s]
Reading freightimage[s]
Reading freightimage[s]
Reading freightimage[s]
Reading freightimage[s]
Reading freightimage[s]
Reading freightimage[s]
Reading freightimage[s]
Reading freightimage[s]
Reading freightimage[s]
Reading freightimage[s]
Reading freightimage[s]
Reading freightimage[s]
Reading freightimage[s]
Reading freightimage[s]
Reading freightimage[s]
Reading freightimage[s]
Reading freightimage[s]
Reading freightimage[s]
Reading freightimage[s]
Reading freightimage[s]
Reading freightimage[s]
Reading freightimage[s]
Reading freightimage[s]
Reading freightimage[s]
Reading freightimage[s]
Reading freightimage[s]
Reading freightimage[s]
Reading freightimage[s]
Reading freightimage[s]
Reading freightimage[s]
Reading freightimage[s]
Reading freightimage[s]
Reading freightimage[s]
Reading freightimage[s]
Reading freightimage[s]
Reading freightimage[s]
Reading freightimage[s]
Reading freightimage[s]
Reading freightimage[s]
Reading freightimage[s]
Reading freightimage[s]
Reading freightimage[s]
Reading freightimage[s]
Reading freightimage[s]
Reading freightimage[s]
Reading freightimage[s]
Reading freightimage[s]
Reading freightimage[s]
Reading freightimage[s]
Reading freightimage[s]
Reading freightimage[s]
Reading freightimage[s]
Reading freightimage[s]
Reading freightimage[s]
Reading freightimage[s]
Reading freightimage[s]
Reading freightimage[s]
Reading freightimage[s]
Reading freightimage[s]
Reading freightimage[s]
Reading freightimage[s]
Reading freightimage[s]
Reading freightimage[s]
Reading freightimage[s]
Reading freightimage[s]
Reading freightimage[s]
Reading freightimage[s]
Reading freightimage[s]
Reading freightimage[s]
Reading freightimage[s]
Reading freightimage[s]
Reading freightimage[s]
Reading freightimage[s]
Reading freightimage[s]
Reading freightimage[s]
Reading freightimage[s]
Reading freightimage[s]
Reading freightimage[s]
Reading freightimage[s]
Reading freightimage[s]
Reading freightimage[s]
Reading freightimage[s]
Reading freightimage[s]
Reading freightimage[s]
Reading freightimage[s]
Reading freightimage[s]
Reading freightimage[s]
Reading freightimage[s]
Reading freightimage[s]
Reading freightimage[s]
Reading freightimage[s]
Reading freightimage[s]
Reading freightimage[s]
Reading freightimage[s]
Reading freightimage[s]
Reading freightimage[s]
Reading freightimage[s]
Reading freightimage[s]
Reading freightimage[s]
Reading freightimage[s]
Reading freightimage[s]
Appending freightimage[s]
Appending freightimage[w]
Appending freightimage[sw]
Appending freightimage[se]
Appending freightimage[n]
Appending freightimage[e]
Appending freightimage[ne]
Appending freightimage[nw]
Writing 8 single livery empty images
Writing 8 single type single livery freight images
   writing file ./vehicle.logs.pak
      packing vehicle.logs
Reading freightimage[0][s]
Reading freightimage[0][s][0]
Reading emptyimage[s][0]
Reading freightimage[s][0]
Reading freightimage[s]
Writing 8 single livery empty images
Writing 0 non-images
   writing file ./vehicle.Moebelschiff.pak
      packing vehicle.Moebelschiff
Reading freightimage[0][s]
Reading freightimage[0][s][0]
Reading emptyimage[s][0]
Reading freightimage[s][0]
Reading freightimage[s]
Writing 8 single livery empty images
Writing 0 non-images
   writing file ./vehicle.EnCo_Steel_Ship.pak
      packing vehicle.EnCo_Steel_Ship
Reading freightimage[0][s]
Reading freightimage[0][s][0]
Reading emptyimage[s][0]
Reading freightimage[s][0]
Reading freightimage[s]
Reading freightimage[s]
Reading freightimage[s]
Reading freightimage[s]
Reading freightimage[s]
Reading freightimage[s]
Reading freightimage[s]
Reading freightimage[s]
Reading freightimage[s]
Reading freightimage[s]
Reading freightimage[s]
Reading freightimage[s]
Reading freightimage[s]
Reading freightimage[s]
Reading freightimage[s]
Reading freightimage[s]
Reading freightimage[s]
Reading freightimage[s]
Reading freightimage[s]
Reading freightimage[s]
Reading freightimage[s]
Reading freightimage[s]
Reading freightimage[s]
Reading freightimage[s]
Reading freightimage[s]
Reading freightimage[s]
Reading freightimage[s]
Reading freightimage[s]
Reading freightimage[s]
Reading freightimage[s]
Reading freightimage[s]
Reading freightimage[s]
Reading freightimage[s]
Reading freightimage[s]
Reading freightimage[s]
Reading freightimage[s]
Reading freightimage[s]
Reading freightimage[s]
Reading freightimage[s]
Reading freightimage[s]
Reading freightimage[s]
Reading freightimage[s]
Reading freightimage[s]
Reading freightimage[s]
Reading freightimage[s]
Reading freightimage[s]
Reading freightimage[s]
Reading freightimage[s]
Reading freightimage[s]
Reading freightimage[s]
Reading freightimage[s]
Reading freightimage[s]
Reading freightimage[s]
Reading freightimage[s]
Reading freightimage[s]
Reading freightimage[s]
Reading freightimage[s]
Reading freightimage[s]
Reading freightimage[s]
Reading freightimage[s]
Reading freightimage[s]
Reading freightimage[s]
Reading freightimage[s]
Reading freightimage[s]
Reading freightimage[s]
Reading freightimage[s]
Reading freightimage[s]
Reading freightimage[s]
Reading freightimage[s]
Reading freightimage[s]
Reading freightimage[s]
Reading freightimage[s]
Reading freightimage[s]
Reading freightimage[s]
Reading freightimage[s]
Reading freightimage[s]
Reading freightimage[s]
Reading freightimage[s]
Reading freightimage[s]
Reading freightimage[s]
Reading freightimage[s]
Reading freightimage[s]
Reading freightimage[s]
Reading freightimage[s]
Reading freightimage[s]
Reading freightimage[s]
Reading freightimage[s]
Reading freightimage[s]
Reading freightimage[s]
Reading freightimage[s]
Reading freightimage[s]
Reading freightimage[s]
Reading freightimage[s]
Reading freightimage[s]
Reading freightimage[s]
Reading freightimage[s]
Reading freightimage[s]
Reading freightimage[s]
Reading freightimage[s]
Reading freightimage[s]
Reading freightimage[s]
Reading freightimage[s]
Reading freightimage[s]
Reading freightimage[s]
Reading freightimage[s]
Reading freightimage[s]
Reading freightimage[s]
Reading freightimage[s]
Reading freightimage[s]
Reading freightimage[s]
Reading freightimage[s]
Reading freightimage[s]
Reading freightimage[s]
Reading freightimage[s]
Reading freightimage[s]
Reading freightimage[s]
Reading freightimage[s]
Reading freightimage[s]
Reading freightimage[s]
Reading freightimage[s]
Reading freightimage[s]
Reading freightimage[s]
Reading freightimage[s]
Reading freightimage[s]
Reading freightimage[s]
Reading freightimage[s]
Reading freightimage[s]
Appending freightimage[s]
Appending freightimage[w]
Appending freightimage[sw]
Appending freightimage[se]
Appending freightimage[n]
Appending freightimage[e]
Appending freightimage[ne]
Appending freightimage[nw]
Writing 8 single livery empty images
Writing 8 single type single livery freight images
   writing file ./vehicle.EnCo_Paper_Ship.pak
      packing vehicle.EnCo_Paper_Ship
Reading freightimage[0][s]
Reading freightimage[0][s][0]
Reading emptyimage[s][0]
Reading freightimage[s][0]
Reading freightimage[s]
Reading freightimage[s]
Reading freightimage[s]
Reading freightimage[s]
Reading freightimage[s]
Reading freightimage[s]
Reading freightimage[s]
Reading freightimage[s]
Reading freightimage[s]
Reading freightimage[s]
Reading freightimage[s]
Reading freightimage[s]
Reading freightimage[s]
Reading freightimage[s]
Reading freightimage[s]
Reading freightimage[s]
Reading freightimage[s]
Reading freightimage[s]
Reading freightimage[s]
Reading freightimage[s]
Reading freightimage[s]
Reading freightimage[s]
Reading freightimage[s]
Reading freightimage[s]
Reading freightimage[s]
Reading freightimage[s]
Reading freightimage[s]
Reading freightimage[s]
Reading freightimage[s]
Reading freightimage[s]
Reading freightimage[s]
Reading freightimage[s]
Reading freightimage[s]
Reading freightimage[s]
Reading freightimage[s]
Reading freightimage[s]
Reading freightimage[s]
Reading freightimage[s]
Reading freightimage[s]
Reading freightimage[s]
Reading freightimage[s]
Reading freightimage[s]
Reading freightimage[s]
Reading freightimage[s]
Reading freightimage[s]
Reading freightimage[s]
Reading freightimage[s]
Reading freightimage[s]
Reading freightimage[s]
Reading freightimage[s]
Reading freightimage[s]
Reading freightimage[s]
Reading freightimage[s]
Reading freightimage[s]
Reading freightimage[s]
Reading freightimage[s]
Reading freightimage[s]
Reading freightimage[s]
Reading freightimage[s]
Reading freightimage[s]
Reading freightimage[s]
Reading freightimage[s]
Reading freightimage[s]
Reading freightimage[s]
Reading freightimage[s]
Reading freightimage[s]
Reading freightimage[s]
Reading freightimage[s]
Reading freightimage[s]
Reading freightimage[s]
Reading freightimage[s]
Reading freightimage[s]
Reading freightimage[s]
Reading freightimage[s]
Reading freightimage[s]
Reading freightimage[s]
Reading freightimage[s]
Reading freightimage[s]
Reading freightimage[s]
Reading freightimage[s]
Reading freightimage[s]
Reading freightimage[s]
Reading freightimage[s]
Reading freightimage[s]
Reading freightimage[s]
Reading freightimage[s]
Reading freightimage[s]
Reading freightimage[s]
Reading freightimage[s]
Reading freightimage[s]
Reading freightimage[s]
Reading freightimage[s]
Reading freightimage[s]
Reading freightimage[s]
Reading freightimage[s]
Reading freightimage[s]
Reading freightimage[s]
Reading freightimage[s]
Reading freightimage[s]
Reading freightimage[s]
Reading freightimage[s]
Reading freightimage[s]
Reading freightimage[s]
Reading freightimage[s]
Reading freightimage[s]
Reading freightimage[s]
Reading freightimage[s]
Reading freightimage[s]
Reading freightimage[s]
Reading freightimage[s]
Reading freightimage[s]
Reading freightimage[s]
Reading freightimage[s]
Reading freightimage[s]
Reading freightimage[s]
Reading freightimage[s]
Reading freightimage[s]
Reading freightimage[s]
Reading freightimage[s]
Reading freightimage[s]
Reading freightimage[s]
Reading freightimage[s]
Reading freightimage[s]
Reading freightimage[s]
Reading freightimage[s]
Reading freightimage[s]
Reading freightimage[s]
Appending freightimage[s]
Appending freightimage[w]
Appending freightimage[sw]
Appending freightimage[se]
Appending freightimage[n]
Appending freightimage[e]
Appending freightimage[ne]
Appending freightimage[nw]
Writing 8 single livery empty images
Writing 8 single type single livery freight images
   writing file ./vehicle.EnCo_Car_Ship.pak
      packing vehicle.EnCo_Car_Ship
Reading freightimage[0][s]
Reading freightimage[0][s][0]
Reading emptyimage[s][0]
Reading freightimage[s][0]
Reading freightimage[s]
Reading freightimage[s]
Reading freightimage[s]
Reading freightimage[s]
Reading freightimage[s]
Reading freightimage[s]
Reading freightimage[s]
Reading freightimage[s]
Reading freightimage[s]
Reading freightimage[s]
Reading freightimage[s]
Reading freightimage[s]
Reading freightimage[s]
Reading freightimage[s]
Reading freightimage[s]
Reading freightimage[s]
Reading freightimage[s]
Reading freightimage[s]
Reading freightimage[s]
Reading freightimage[s]
Reading freightimage[s]
Reading freightimage[s]
Reading freightimage[s]
Reading freightimage[s]
Reading freightimage[s]
Reading freightimage[s]
Reading freightimage[s]
Reading freightimage[s]
Reading freightimage[s]
Reading freightimage[s]
Reading freightimage[s]
Reading freightimage[s]
Reading freightimage[s]
Reading freightimage[s]
Reading freightimage[s]
Reading freightimage[s]
Reading freightimage[s]
Reading freightimage[s]
Reading freightimage[s]
Reading freightimage[s]
Reading freightimage[s]
Reading freightimage[s]
Reading freightimage[s]
Reading freightimage[s]
Reading freightimage[s]
Reading freightimage[s]
Reading freightimage[s]
Reading freightimage[s]
Reading freightimage[s]
Reading freightimage[s]
Reading freightimage[s]
Reading freightimage[s]
Reading freightimage[s]
Reading freightimage[s]
Reading freightimage[s]
Reading freightimage[s]
Reading freightimage[s]
Reading freightimage[s]
Reading freightimage[s]
Reading freightimage[s]
Reading freightimage[s]
Reading freightimage[s]
Reading freightimage[s]
Reading freightimage[s]
Reading freightimage[s]
Reading freightimage[s]
Reading freightimage[s]
Reading freightimage[s]
Reading freightimage[s]
Reading freightimage[s]
Reading freightimage[s]
Reading freightimage[s]
Reading freightimage[s]
Reading freightimage[s]
Reading freightimage[s]
Reading freightimage[s]
Reading freightimage[s]
Reading freightimage[s]
Reading freightimage[s]
Reading freightimage[s]
Reading freightimage[s]
Reading freightimage[s]
Reading freightimage[s]
Reading freightimage[s]
Reading freightimage[s]
Reading freightimage[s]
Reading freightimage[s]
Reading freightimage[s]
Reading freightimage[s]
Reading freightimage[s]
Reading freightimage[s]
Reading freightimage[s]
Reading freightimage[s]
Reading freightimage[s]
Reading freightimage[s]
Reading freightimage[s]
Reading freightimage[s]
Reading freightimage[s]
Reading freightimage[s]
Reading freightimage[s]
Reading freightimage[s]
Reading freightimage[s]
Reading freightimage[s]
Reading freightimage[s]
Reading freightimage[s]
Reading freightimage[s]
Reading freightimage[s]
Reading freightimage[s]
Reading freightimage[s]
Reading freightimage[s]
Reading freightimage[s]
Reading freightimage[s]
Reading freightimage[s]
Reading freightimage[s]
Reading freightimage[s]
Reading freightimage[s]
Reading freightimage[s]
Reading freightimage[s]
Reading freightimage[s]
Reading freightimage[s]
Reading freightimage[s]
Reading freightimage[s]
Reading freightimage[s]
Reading freightimage[s]
Reading freightimage[s]
Reading freightimage[s]
Reading freightimage[s]
Appending freightimage[s]
Appending freightimage[w]
Appending freightimage[sw]
Appending freightimage[se]
Appending freightimage[n]
Appending freightimage[e]
Appending freightimage[ne]
Appending freightimage[nw]
Writing 8 single livery empty images
Writing 8 single type single livery freight images
   writing file ./vehicle.EnCo_Wood_Ship.pak
      packing vehicle.EnCo_Wood_Ship
Reading freightimage[0][s]
Reading freightimage[0][s][0]
Reading emptyimage[s][0]
Reading freightimage[s][0]
Reading freightimage[s]
Reading freightimage[s]
Reading freightimage[s]
Reading freightimage[s]
Reading freightimage[s]
Reading freightimage[s]
Reading freightimage[s]
Reading freightimage[s]
Reading freightimage[s]
Reading freightimage[s]
Reading freightimage[s]
Reading freightimage[s]
Reading freightimage[s]
Reading freightimage[s]
Reading freightimage[s]
Reading freightimage[s]
Reading freightimage[s]
Reading freightimage[s]
Reading freightimage[s]
Reading freightimage[s]
Reading freightimage[s]
Reading freightimage[s]
Reading freightimage[s]
Reading freightimage[s]
Reading freightimage[s]
Reading freightimage[s]
Reading freightimage[s]
Reading freightimage[s]
Reading freightimage[s]
Reading freightimage[s]
Reading freightimage[s]
Reading freightimage[s]
Reading freightimage[s]
Reading freightimage[s]
Reading freightimage[s]
Reading freightimage[s]
Reading freightimage[s]
Reading freightimage[s]
Reading freightimage[s]
Reading freightimage[s]
Reading freightimage[s]
Reading freightimage[s]
Reading freightimage[s]
Reading freightimage[s]
Reading freightimage[s]
Reading freightimage[s]
Reading freightimage[s]
Reading freightimage[s]
Reading freightimage[s]
Reading freightimage[s]
Reading freightimage[s]
Reading freightimage[s]
Reading freightimage[s]
Reading freightimage[s]
Reading freightimage[s]
Reading freightimage[s]
Reading freightimage[s]
Reading freightimage[s]
Reading freightimage[s]
Reading freightimage[s]
Reading freightimage[s]
Reading freightimage[s]
Reading freightimage[s]
Reading freightimage[s]
Reading freightimage[s]
Reading freightimage[s]
Reading freightimage[s]
Reading freightimage[s]
Reading freightimage[s]
Reading freightimage[s]
Reading freightimage[s]
Reading freightimage[s]
Reading freightimage[s]
Reading freightimage[s]
Reading freightimage[s]
Reading freightimage[s]
Reading freightimage[s]
Reading freightimage[s]
Reading freightimage[s]
Reading freightimage[s]
Reading freightimage[s]
Reading freightimage[s]
Reading freightimage[s]
Reading freightimage[s]
Reading freightimage[s]
Reading freightimage[s]
Reading freightimage[s]
Reading freightimage[s]
Reading freightimage[s]
Reading freightimage[s]
Reading freightimage[s]
Reading freightimage[s]
Reading freightimage[s]
Reading freightimage[s]
Reading freightimage[s]
Reading freightimage[s]
Reading freightimage[s]
Reading freightimage[s]
Reading freightimage[s]
Reading freightimage[s]
Reading freightimage[s]
Reading freightimage[s]
Reading freightimage[s]
Reading freightimage[s]
Reading freightimage[s]
Reading freightimage[s]
Reading freightimage[s]
Reading freightimage[s]
Reading freightimage[s]
Reading freightimage[s]
Reading freightimage[s]
Reading freightimage[s]
Reading freightimage[s]
Reading freightimage[s]
Reading freightimage[s]
Reading freightimage[s]
Reading freightimage[s]
Reading freightimage[s]
Reading freightimage[s]
Reading freightimage[s]
Reading freightimage[s]
Reading freightimage[s]
Reading freightimage[s]
Reading freightimage[s]
Reading freightimage[s]
Reading freightimage[s]
Reading freightimage[s]
Appending freightimage[s]
Appending freightimage[w]
Appending freightimage[sw]
Appending freightimage[se]
Appending freightimage[n]
Appending freightimage[e]
Appending freightimage[ne]
Appending freightimage[nw]
Writing 8 single livery empty images
Writing 8 single type single livery freight images
   writing file ./vehicle.EnCo_Container_Ship.pak
      packing vehicle.EnCo_Container_Ship
Reading freightimage[0][s]
Reading freightimage[0][s][0]
Reading emptyimage[s][0]
Reading freightimage[s][0]
Reading freightimage[s]
Reading freightimage[s]
Reading freightimage[s]
Reading freightimage[s]
Reading freightimage[s]
Reading freightimage[s]
Reading freightimage[s]
Reading freightimage[s]
Reading freightimage[s]
Reading freightimage[s]
Reading freightimage[s]
Reading freightimage[s]
Reading freightimage[s]
Reading freightimage[s]
Reading freightimage[s]
Reading freightimage[s]
Reading freightimage[s]
Reading freightimage[s]
Reading freightimage[s]
Reading freightimage[s]
Reading freightimage[s]
Reading freightimage[s]
Reading freightimage[s]
Reading freightimage[s]
Reading freightimage[s]
Reading freightimage[s]
Reading freightimage[s]
Reading freightimage[s]
Reading freightimage[s]
Reading freightimage[s]
Reading freightimage[s]
Reading freightimage[s]
Reading freightimage[s]
Reading freightimage[s]
Reading freightimage[s]
Reading freightimage[s]
Reading freightimage[s]
Reading freightimage[s]
Reading freightimage[s]
Reading freightimage[s]
Reading freightimage[s]
Reading freightimage[s]
Reading freightimage[s]
Reading freightimage[s]
Reading freightimage[s]
Reading freightimage[s]
Reading freightimage[s]
Reading freightimage[s]
Reading freightimage[s]
Reading freightimage[s]
Reading freightimage[s]
Reading freightimage[s]
Reading freightimage[s]
Reading freightimage[s]
Reading freightimage[s]
Reading freightimage[s]
Reading freightimage[s]
Reading freightimage[s]
Reading freightimage[s]
Reading freightimage[s]
Reading freightimage[s]
Reading freightimage[s]
Reading freightimage[s]
Reading freightimage[s]
Reading freightimage[s]
Reading freightimage[s]
Reading freightimage[s]
Reading freightimage[s]
Reading freightimage[s]
Reading freightimage[s]
Reading freightimage[s]
Reading freightimage[s]
Reading freightimage[s]
Reading freightimage[s]
Reading freightimage[s]
Reading freightimage[s]
Reading freightimage[s]
Reading freightimage[s]
Reading freightimage[s]
Reading freightimage[s]
Reading freightimage[s]
Reading freightimage[s]
Reading freightimage[s]
Reading freightimage[s]
Reading freightimage[s]
Reading freightimage[s]
Reading freightimage[s]
Reading freightimage[s]
Reading freightimage[s]
Reading freightimage[s]
Reading freightimage[s]
Reading freightimage[s]
Reading freightimage[s]
Reading freightimage[s]
Reading freightimage[s]
Reading freightimage[s]
Reading freightimage[s]
Reading freightimage[s]
Reading freightimage[s]
Reading freightimage[s]
Reading freightimage[s]
Reading freightimage[s]
Reading freightimage[s]
Reading freightimage[s]
Reading freightimage[s]
Reading freightimage[s]
Reading freightimage[s]
Reading freightimage[s]
Reading freightimage[s]
Reading freightimage[s]
Reading freightimage[s]
Reading freightimage[s]
Reading freightimage[s]
Reading freightimage[s]
Reading freightimage[s]
Reading freightimage[s]
Reading freightimage[s]
Reading freightimage[s]
Reading freightimage[s]
Reading freightimage[s]
Reading freightimage[s]
Reading freightimage[s]
Reading freightimage[s]
Reading freightimage[s]
Reading freightimage[s]
Reading freightimage[s]
Reading freightimage[s]
Appending freightimage[s]
Appending freightimage[w]
Appending freightimage[sw]
Appending freightimage[se]
Appending freightimage[n]
Appending freightimage[e]
Appending freightimage[ne]
Appending freightimage[nw]
Writing 8 single livery empty images
Writing 8 single type single livery freight images
   writing file ./vehicle.EnCo_Oil_Ship.pak
      packing vehicle.EnCo_Oil_Ship
Reading freightimage[0][s]
Reading freightimage[0][s][0]
Reading emptyimage[s][0]
Reading freightimage[s][0]
Reading freightimage[s]
Writing 8 single livery empty images
Writing 0 non-images
   writing file ./vehicle.EnCo_Cement_Ship.pak
      packing vehicle.EnCo_Cement_Ship
Reading freightimage[0][s]
Reading freightimage[0][s][0]
Reading emptyimage[s][0]
Reading freightimage[s][0]
Reading freightimage[s]
Writing 8 single livery empty images
Writing 0 non-images
   writing file ./vehicle.EnCo_Bulk_Ship.pak
      packing vehicle.EnCo_Bulk_Ship
Reading freightimage[0][s]
Reading freightimage[1][s]
Reading freightimage[2][s]
Reading freightimage[3][s]
Reading freightimage[4][s]
Reading freightimage[0][s][0]
Reading emptyimage[s][0]
Reading freightimage[s][0]
Reading freightimage[s]
Appending freightimage[0][s]
Appending freightimage[1][s]
Appending freightimage[2][s]
Appending freightimage[3][s]
Appending freightimage[0][w]
Appending freightimage[1][w]
Appending freightimage[2][w]
Appending freightimage[3][w]
Appending freightimage[0][sw]
Appending freightimage[1][sw]
Appending freightimage[2][sw]
Appending freightimage[3][sw]
Appending freightimage[0][se]
Appending freightimage[1][se]
Appending freightimage[2][se]
Appending freightimage[3][se]
Appending freightimage[0][n]
Appending freightimage[1][n]
Appending freightimage[2][n]
Appending freightimage[3][n]
Appending freightimage[0][e]
Appending freightimage[1][e]
Appending freightimage[2][e]
Appending freightimage[3][e]
Appending freightimage[0][ne]
Appending freightimage[1][ne]
Appending freightimage[2][ne]
Appending freightimage[3][ne]
Appending freightimage[0][nw]
Appending freightimage[1][nw]
Appending freightimage[2][nw]
Appending freightimage[3][nw]
Writing 8 single livery empty images
Writing 32 single livery multiple type freight images
