
Makeobj-Experimental, based on Makeobj version 52 for Simutrans 110.0.6 Experimental 9.9 and higher
Experimental version by James E. Petts, derived from Makeobj, (c) 2002-2006 V. Meyer , Hj. Malthaner and 
M. Pristovsek (markus@pristovsek.de). This is open source software, released under the Artistic Licence.

Image size is set to 64x64
writing invidual files to ./
   reading file ./lkws.dat
   writing file ./vehicle.Holztransporter.pak
      packing vehicle.Holztransporter
Reading freightimage[0][s]
Reading freightimage[0][s][0]
Reading emptyimage[s][0]
Reading freightimage[s][0]
Reading freightimage[s]
Reading freightimage[s]
Reading freightimage[s]
Reading freightimage[s]
Reading freightimage[s]
Reading freightimage[s]
Reading freightimage[s]
Reading freightimage[s]
Reading freightimage[s]
Reading freightimage[s]
Reading freightimage[s]
Reading freightimage[s]
Reading freightimage[s]
Reading freightimage[s]
Reading freightimage[s]
Reading freightimage[s]
Reading freightimage[s]
Reading freightimage[s]
Reading freightimage[s]
Reading freightimage[s]
Reading freightimage[s]
Reading freightimage[s]
Reading freightimage[s]
Reading freightimage[s]
Reading freightimage[s]
Reading freightimage[s]
Reading freightimage[s]
Reading freightimage[s]
Reading freightimage[s]
Reading freightimage[s]
Reading freightimage[s]
Reading freightimage[s]
Reading freightimage[s]
Reading freightimage[s]
Reading freightimage[s]
Reading freightimage[s]
Reading freightimage[s]
Reading freightimage[s]
Reading freightimage[s]
Reading freightimage[s]
Reading freightimage[s]
Reading freightimage[s]
Reading freightimage[s]
Reading freightimage[s]
Reading freightimage[s]
Reading freightimage[s]
Reading freightimage[s]
Reading freightimage[s]
Reading freightimage[s]
Reading freightimage[s]
Reading freightimage[s]
Reading freightimage[s]
Reading freightimage[s]
Reading freightimage[s]
Reading freightimage[s]
Reading freightimage[s]
Reading freightimage[s]
Reading freightimage[s]
Reading freightimage[s]
Reading freightimage[s]
Reading freightimage[s]
Reading freightimage[s]
Reading freightimage[s]
Reading freightimage[s]
Reading freightimage[s]
Reading freightimage[s]
Reading freightimage[s]
Reading freightimage[s]
Reading freightimage[s]
Reading freightimage[s]
Reading freightimage[s]
Reading freightimage[s]
Reading freightimage[s]
Reading freightimage[s]
Reading freightimage[s]
Reading freightimage[s]
Reading freightimage[s]
Reading freightimage[s]
Reading freightimage[s]
Reading freightimage[s]
Reading freightimage[s]
Reading freightimage[s]
Reading freightimage[s]
Reading freightimage[s]
Reading freightimage[s]
Reading freightimage[s]
Reading freightimage[s]
Reading freightimage[s]
Reading freightimage[s]
Reading freightimage[s]
Reading freightimage[s]
Reading freightimage[s]
Reading freightimage[s]
Reading freightimage[s]
Reading freightimage[s]
Reading freightimage[s]
Reading freightimage[s]
Reading freightimage[s]
Reading freightimage[s]
Reading freightimage[s]
Reading freightimage[s]
Reading freightimage[s]
Reading freightimage[s]
Reading freightimage[s]
Reading freightimage[s]
Reading freightimage[s]
Reading freightimage[s]
Reading freightimage[s]
Reading freightimage[s]
Reading freightimage[s]
Reading freightimage[s]
Reading freightimage[s]
Reading freightimage[s]
Reading freightimage[s]
Reading freightimage[s]
Reading freightimage[s]
Reading freightimage[s]
Reading freightimage[s]
Reading freightimage[s]
Reading freightimage[s]
Reading freightimage[s]
Reading freightimage[s]
Reading freightimage[s]
Reading freightimage[s]
Reading freightimage[s]
Reading freightimage[s]
Reading freightimage[s]
Appending freightimage[s]
Appending freightimage[w]
Appending freightimage[sw]
Appending freightimage[se]
Appending freightimage[n]
Appending freightimage[e]
Appending freightimage[ne]
Appending freightimage[nw]
Writing 8 single livery empty images
Writing 8 single type single livery freight images
   writing file ./vehicle.Erztransporter.pak
      packing vehicle.Erztransporter
Reading freightimage[0][s]
Reading freightimage[1][s]
Reading freightimage[2][s]
Reading freightimage[3][s]
Reading freightimage[4][s]
Reading freightimage[0][s][0]
Reading emptyimage[s][0]
Reading freightimage[s][0]
Reading freightimage[s]
Appending freightimage[0][s]
Appending freightimage[1][s]
Appending freightimage[2][s]
Appending freightimage[3][s]
Appending freightimage[0][w]
Appending freightimage[1][w]
Appending freightimage[2][w]
Appending freightimage[3][w]
Appending freightimage[0][sw]
Appending freightimage[1][sw]
Appending freightimage[2][sw]
Appending freightimage[3][sw]
Appending freightimage[0][se]
Appending freightimage[1][se]
Appending freightimage[2][se]
Appending freightimage[3][se]
Appending freightimage[0][n]
Appending freightimage[1][n]
Appending freightimage[2][n]
Appending freightimage[3][n]
Appending freightimage[0][e]
Appending freightimage[1][e]
Appending freightimage[2][e]
Appending freightimage[3][e]
Appending freightimage[0][ne]
Appending freightimage[1][ne]
Appending freightimage[2][ne]
Appending freightimage[3][ne]
Appending freightimage[0][nw]
Appending freightimage[1][nw]
Appending freightimage[2][nw]
Appending freightimage[3][nw]
Writing 8 single livery empty images
Writing 32 single livery multiple type freight images
   writing file ./vehicle.Kohletransporter.pak
      packing vehicle.Kohletransporter
Reading freightimage[0][s]
Reading freightimage[1][s]
Reading freightimage[2][s]
Reading freightimage[3][s]
Reading freightimage[4][s]
Reading freightimage[0][s][0]
Reading emptyimage[s][0]
Reading freightimage[s][0]
Reading freightimage[s]
Appending freightimage[0][s]
Appending freightimage[1][s]
Appending freightimage[2][s]
Appending freightimage[3][s]
Appending freightimage[0][w]
Appending freightimage[1][w]
Appending freightimage[2][w]
Appending freightimage[3][w]
Appending freightimage[0][sw]
Appending freightimage[1][sw]
Appending freightimage[2][sw]
Appending freightimage[3][sw]
Appending freightimage[0][se]
Appending freightimage[1][se]
Appending freightimage[2][se]
Appending freightimage[3][se]
Appending freightimage[0][n]
Appending freightimage[1][n]
Appending freightimage[2][n]
Appending freightimage[3][n]
Appending freightimage[0][e]
Appending freightimage[1][e]
Appending freightimage[2][e]
Appending freightimage[3][e]
Appending freightimage[0][ne]
Appending freightimage[1][ne]
Appending freightimage[2][ne]
Appending freightimage[3][ne]
Appending freightimage[0][nw]
Appending freightimage[1][nw]
Appending freightimage[2][nw]
Appending freightimage[3][nw]
Writing 8 single livery empty images
Writing 32 single livery multiple type freight images
   writing file ./vehicle.Heavy_ore_truck.pak
      packing vehicle.Heavy_ore_truck
Reading freightimage[0][s]
Reading freightimage[0][s][0]
Reading emptyimage[s][0]
Reading freightimage[s][0]
Reading freightimage[s]
Reading freightimage[s]
Reading freightimage[s]
Reading freightimage[s]
Reading freightimage[s]
Reading freightimage[s]
Reading freightimage[s]
Reading freightimage[s]
Reading freightimage[s]
Reading freightimage[s]
Reading freightimage[s]
Reading freightimage[s]
Reading freightimage[s]
Reading freightimage[s]
Reading freightimage[s]
Reading freightimage[s]
Reading freightimage[s]
Reading freightimage[s]
Reading freightimage[s]
Reading freightimage[s]
Reading freightimage[s]
Reading freightimage[s]
Reading freightimage[s]
Reading freightimage[s]
Reading freightimage[s]
Reading freightimage[s]
Reading freightimage[s]
Reading freightimage[s]
Reading freightimage[s]
Reading freightimage[s]
Reading freightimage[s]
Reading freightimage[s]
Reading freightimage[s]
Reading freightimage[s]
Reading freightimage[s]
Reading freightimage[s]
Reading freightimage[s]
Reading freightimage[s]
Reading freightimage[s]
Reading freightimage[s]
Reading freightimage[s]
Reading freightimage[s]
Reading freightimage[s]
Reading freightimage[s]
Reading freightimage[s]
Reading freightimage[s]
Reading freightimage[s]
Reading freightimage[s]
Reading freightimage[s]
Reading freightimage[s]
Reading freightimage[s]
Reading freightimage[s]
Reading freightimage[s]
Reading freightimage[s]
Reading freightimage[s]
Reading freightimage[s]
Reading freightimage[s]
Reading freightimage[s]
Reading freightimage[s]
Reading freightimage[s]
Reading freightimage[s]
Reading freightimage[s]
Reading freightimage[s]
Reading freightimage[s]
Reading freightimage[s]
Reading freightimage[s]
Reading freightimage[s]
Reading freightimage[s]
Reading freightimage[s]
Reading freightimage[s]
Reading freightimage[s]
Reading freightimage[s]
Reading freightimage[s]
Reading freightimage[s]
Reading freightimage[s]
Reading freightimage[s]
Reading freightimage[s]
Reading freightimage[s]
Reading freightimage[s]
Reading freightimage[s]
Reading freightimage[s]
Reading freightimage[s]
Reading freightimage[s]
Reading freightimage[s]
Reading freightimage[s]
Reading freightimage[s]
Reading freightimage[s]
Reading freightimage[s]
Reading freightimage[s]
Reading freightimage[s]
Reading freightimage[s]
Reading freightimage[s]
Reading freightimage[s]
Reading freightimage[s]
Reading freightimage[s]
Reading freightimage[s]
Reading freightimage[s]
Reading freightimage[s]
Reading freightimage[s]
Reading freightimage[s]
Reading freightimage[s]
Reading freightimage[s]
Reading freightimage[s]
Reading freightimage[s]
Reading freightimage[s]
Reading freightimage[s]
Reading freightimage[s]
Reading freightimage[s]
Reading freightimage[s]
Reading freightimage[s]
Reading freightimage[s]
Reading freightimage[s]
Reading freightimage[s]
Reading freightimage[s]
Reading freightimage[s]
Reading freightimage[s]
Reading freightimage[s]
Reading freightimage[s]
Reading freightimage[s]
Reading freightimage[s]
Reading freightimage[s]
Reading freightimage[s]
Reading freightimage[s]
Reading freightimage[s]
Reading freightimage[s]
Reading freightimage[s]
Reading freightimage[s]
Appending freightimage[s]
Appending freightimage[w]
Appending freightimage[sw]
Appending freightimage[se]
Appending freightimage[n]
Appending freightimage[e]
Appending freightimage[ne]
Appending freightimage[nw]
Writing 8 single livery empty images
Writing 8 single type single livery freight images
   writing file ./vehicle.Tanklastzug.pak
      packing vehicle.Tanklastzug
Reading freightimage[0][s]
Reading freightimage[0][s][0]
Reading emptyimage[s][0]
Reading freightimage[s][0]
Reading freightimage[s]
Writing 8 single livery empty images
Writing 0 non-images
   writing file ./vehicle.Kunststofftransporter.pak
      packing vehicle.Kunststofftransporter
Reading freightimage[0][s]
Reading freightimage[0][s][0]
Reading emptyimage[s][0]
Reading freightimage[s][0]
Reading freightimage[s]
Reading freightimage[s]
Reading freightimage[s]
Reading freightimage[s]
Reading freightimage[s]
Reading freightimage[s]
Reading freightimage[s]
Reading freightimage[s]
Reading freightimage[s]
Reading freightimage[s]
Reading freightimage[s]
Reading freightimage[s]
Reading freightimage[s]
Reading freightimage[s]
Reading freightimage[s]
Reading freightimage[s]
Reading freightimage[s]
Reading freightimage[s]
Reading freightimage[s]
Reading freightimage[s]
Reading freightimage[s]
Reading freightimage[s]
Reading freightimage[s]
Reading freightimage[s]
Reading freightimage[s]
Reading freightimage[s]
Reading freightimage[s]
Reading freightimage[s]
Reading freightimage[s]
Reading freightimage[s]
Reading freightimage[s]
Reading freightimage[s]
Reading freightimage[s]
Reading freightimage[s]
Reading freightimage[s]
Reading freightimage[s]
Reading freightimage[s]
Reading freightimage[s]
Reading freightimage[s]
Reading freightimage[s]
Reading freightimage[s]
Reading freightimage[s]
Reading freightimage[s]
Reading freightimage[s]
Reading freightimage[s]
Reading freightimage[s]
Reading freightimage[s]
Reading freightimage[s]
Reading freightimage[s]
Reading freightimage[s]
Reading freightimage[s]
Reading freightimage[s]
Reading freightimage[s]
Reading freightimage[s]
Reading freightimage[s]
Reading freightimage[s]
Reading freightimage[s]
Reading freightimage[s]
Reading freightimage[s]
Reading freightimage[s]
Reading freightimage[s]
Reading freightimage[s]
Reading freightimage[s]
Reading freightimage[s]
Reading freightimage[s]
Reading freightimage[s]
Reading freightimage[s]
Reading freightimage[s]
Reading freightimage[s]
Reading freightimage[s]
Reading freightimage[s]
Reading freightimage[s]
Reading freightimage[s]
Reading freightimage[s]
Reading freightimage[s]
Reading freightimage[s]
Reading freightimage[s]
Reading freightimage[s]
Reading freightimage[s]
Reading freightimage[s]
Reading freightimage[s]
Reading freightimage[s]
Reading freightimage[s]
Reading freightimage[s]
Reading freightimage[s]
Reading freightimage[s]
Reading freightimage[s]
Reading freightimage[s]
Reading freightimage[s]
Reading freightimage[s]
Reading freightimage[s]
Reading freightimage[s]
Reading freightimage[s]
Reading freightimage[s]
Reading freightimage[s]
Reading freightimage[s]
Reading freightimage[s]
Reading freightimage[s]
Reading freightimage[s]
Reading freightimage[s]
Reading freightimage[s]
Reading freightimage[s]
Reading freightimage[s]
Reading freightimage[s]
Reading freightimage[s]
Reading freightimage[s]
Reading freightimage[s]
Reading freightimage[s]
Reading freightimage[s]
Reading freightimage[s]
Reading freightimage[s]
Reading freightimage[s]
Reading freightimage[s]
Reading freightimage[s]
Reading freightimage[s]
Reading freightimage[s]
Reading freightimage[s]
Reading freightimage[s]
Reading freightimage[s]
Reading freightimage[s]
Reading freightimage[s]
Reading freightimage[s]
Reading freightimage[s]
Reading freightimage[s]
Reading freightimage[s]
Reading freightimage[s]
Reading freightimage[s]
Appending freightimage[s]
Appending freightimage[w]
Appending freightimage[sw]
Appending freightimage[se]
Appending freightimage[n]
Appending freightimage[e]
Appending freightimage[ne]
Appending freightimage[nw]
Writing 8 single livery empty images
Writing 8 single type single livery freight images
   writing file ./vehicle.Stahltransporter.pak
      packing vehicle.Stahltransporter
Reading freightimage[0][s]
Reading freightimage[0][s][0]
Reading emptyimage[s][0]
Reading freightimage[s][0]
Reading freightimage[s]
Reading freightimage[s]
Reading freightimage[s]
Reading freightimage[s]
Reading freightimage[s]
Reading freightimage[s]
Reading freightimage[s]
Reading freightimage[s]
Reading freightimage[s]
Reading freightimage[s]
Reading freightimage[s]
Reading freightimage[s]
Reading freightimage[s]
Reading freightimage[s]
Reading freightimage[s]
Reading freightimage[s]
Reading freightimage[s]
Reading freightimage[s]
Reading freightimage[s]
Reading freightimage[s]
Reading freightimage[s]
Reading freightimage[s]
Reading freightimage[s]
Reading freightimage[s]
Reading freightimage[s]
Reading freightimage[s]
Reading freightimage[s]
Reading freightimage[s]
Reading freightimage[s]
Reading freightimage[s]
Reading freightimage[s]
Reading freightimage[s]
Reading freightimage[s]
Reading freightimage[s]
Reading freightimage[s]
Reading freightimage[s]
Reading freightimage[s]
Reading freightimage[s]
Reading freightimage[s]
Reading freightimage[s]
Reading freightimage[s]
Reading freightimage[s]
Reading freightimage[s]
Reading freightimage[s]
Reading freightimage[s]
Reading freightimage[s]
Reading freightimage[s]
Reading freightimage[s]
Reading freightimage[s]
Reading freightimage[s]
Reading freightimage[s]
Reading freightimage[s]
Reading freightimage[s]
Reading freightimage[s]
Reading freightimage[s]
Reading freightimage[s]
Reading freightimage[s]
Reading freightimage[s]
Reading freightimage[s]
Reading freightimage[s]
Reading freightimage[s]
Reading freightimage[s]
Reading freightimage[s]
Reading freightimage[s]
Reading freightimage[s]
Reading freightimage[s]
Reading freightimage[s]
Reading freightimage[s]
Reading freightimage[s]
Reading freightimage[s]
Reading freightimage[s]
Reading freightimage[s]
Reading freightimage[s]
Reading freightimage[s]
Reading freightimage[s]
Reading freightimage[s]
Reading freightimage[s]
Reading freightimage[s]
Reading freightimage[s]
Reading freightimage[s]
Reading freightimage[s]
Reading freightimage[s]
Reading freightimage[s]
Reading freightimage[s]
Reading freightimage[s]
Reading freightimage[s]
Reading freightimage[s]
Reading freightimage[s]
Reading freightimage[s]
Reading freightimage[s]
Reading freightimage[s]
Reading freightimage[s]
Reading freightimage[s]
Reading freightimage[s]
Reading freightimage[s]
Reading freightimage[s]
Reading freightimage[s]
Reading freightimage[s]
Reading freightimage[s]
Reading freightimage[s]
Reading freightimage[s]
Reading freightimage[s]
Reading freightimage[s]
Reading freightimage[s]
Reading freightimage[s]
Reading freightimage[s]
Reading freightimage[s]
Reading freightimage[s]
Reading freightimage[s]
Reading freightimage[s]
Reading freightimage[s]
Reading freightimage[s]
Reading freightimage[s]
Reading freightimage[s]
Reading freightimage[s]
Reading freightimage[s]
Reading freightimage[s]
Reading freightimage[s]
Reading freightimage[s]
Reading freightimage[s]
Reading freightimage[s]
Reading freightimage[s]
Reading freightimage[s]
Reading freightimage[s]
Reading freightimage[s]
Reading freightimage[s]
Reading freightimage[s]
Appending freightimage[s]
Appending freightimage[w]
Appending freightimage[sw]
Appending freightimage[se]
Appending freightimage[n]
Appending freightimage[e]
Appending freightimage[ne]
Appending freightimage[nw]
Writing 8 single livery empty images
Writing 8 single type single livery freight images
   writing file ./vehicle.Papiertransporter.pak
      packing vehicle.Papiertransporter
Reading freightimage[0][s]
Reading freightimage[0][s][0]
Reading emptyimage[s][0]
Reading freightimage[s][0]
Reading freightimage[s]
Reading freightimage[s]
Reading freightimage[s]
Reading freightimage[s]
Reading freightimage[s]
Reading freightimage[s]
Reading freightimage[s]
Reading freightimage[s]
Reading freightimage[s]
Reading freightimage[s]
Reading freightimage[s]
Reading freightimage[s]
Reading freightimage[s]
Reading freightimage[s]
Reading freightimage[s]
Reading freightimage[s]
Reading freightimage[s]
Reading freightimage[s]
Reading freightimage[s]
Reading freightimage[s]
Reading freightimage[s]
Reading freightimage[s]
Reading freightimage[s]
Reading freightimage[s]
Reading freightimage[s]
Reading freightimage[s]
Reading freightimage[s]
Reading freightimage[s]
Reading freightimage[s]
Reading freightimage[s]
Reading freightimage[s]
Reading freightimage[s]
Reading freightimage[s]
Reading freightimage[s]
Reading freightimage[s]
Reading freightimage[s]
Reading freightimage[s]
Reading freightimage[s]
Reading freightimage[s]
Reading freightimage[s]
Reading freightimage[s]
Reading freightimage[s]
Reading freightimage[s]
Reading freightimage[s]
Reading freightimage[s]
Reading freightimage[s]
Reading freightimage[s]
Reading freightimage[s]
Reading freightimage[s]
Reading freightimage[s]
Reading freightimage[s]
Reading freightimage[s]
Reading freightimage[s]
Reading freightimage[s]
Reading freightimage[s]
Reading freightimage[s]
Reading freightimage[s]
Reading freightimage[s]
Reading freightimage[s]
Reading freightimage[s]
Reading freightimage[s]
Reading freightimage[s]
Reading freightimage[s]
Reading freightimage[s]
Reading freightimage[s]
Reading freightimage[s]
Reading freightimage[s]
Reading freightimage[s]
Reading freightimage[s]
Reading freightimage[s]
Reading freightimage[s]
Reading freightimage[s]
Reading freightimage[s]
Reading freightimage[s]
Reading freightimage[s]
Reading freightimage[s]
Reading freightimage[s]
Reading freightimage[s]
Reading freightimage[s]
Reading freightimage[s]
Reading freightimage[s]
Reading freightimage[s]
Reading freightimage[s]
Reading freightimage[s]
Reading freightimage[s]
Reading freightimage[s]
Reading freightimage[s]
Reading freightimage[s]
Reading freightimage[s]
Reading freightimage[s]
Reading freightimage[s]
Reading freightimage[s]
Reading freightimage[s]
Reading freightimage[s]
Reading freightimage[s]
Reading freightimage[s]
Reading freightimage[s]
Reading freightimage[s]
Reading freightimage[s]
Reading freightimage[s]
Reading freightimage[s]
Reading freightimage[s]
Reading freightimage[s]
Reading freightimage[s]
Reading freightimage[s]
Reading freightimage[s]
Reading freightimage[s]
Reading freightimage[s]
Reading freightimage[s]
Reading freightimage[s]
Reading freightimage[s]
Reading freightimage[s]
Reading freightimage[s]
Reading freightimage[s]
Reading freightimage[s]
Reading freightimage[s]
Reading freightimage[s]
Reading freightimage[s]
Reading freightimage[s]
Reading freightimage[s]
Reading freightimage[s]
Reading freightimage[s]
Reading freightimage[s]
Reading freightimage[s]
Reading freightimage[s]
Reading freightimage[s]
Reading freightimage[s]
Appending freightimage[s]
Appending freightimage[w]
Appending freightimage[sw]
Appending freightimage[se]
Appending freightimage[n]
Appending freightimage[e]
Appending freightimage[ne]
Appending freightimage[nw]
Writing 8 single livery empty images
Writing 8 single type single livery freight images
   writing file ./vehicle.Buchtransporter.pak
      packing vehicle.Buchtransporter
Reading freightimage[0][s]
Reading freightimage[0][s][0]
Reading emptyimage[s][0]
Reading freightimage[s][0]
Reading freightimage[s]
Writing 8 single livery empty images
Writing 0 non-images
   writing file ./vehicle.Autotransporter.pak
      packing vehicle.Autotransporter
Reading freightimage[0][s]
Reading freightimage[0][s][0]
Reading emptyimage[s][0]
Reading freightimage[s][0]
Reading freightimage[s]
Reading freightimage[s]
Reading freightimage[s]
Reading freightimage[s]
Reading freightimage[s]
Reading freightimage[s]
Reading freightimage[s]
Reading freightimage[s]
Reading freightimage[s]
Reading freightimage[s]
Reading freightimage[s]
Reading freightimage[s]
Reading freightimage[s]
Reading freightimage[s]
Reading freightimage[s]
Reading freightimage[s]
Reading freightimage[s]
Reading freightimage[s]
Reading freightimage[s]
Reading freightimage[s]
Reading freightimage[s]
Reading freightimage[s]
Reading freightimage[s]
Reading freightimage[s]
Reading freightimage[s]
Reading freightimage[s]
Reading freightimage[s]
Reading freightimage[s]
Reading freightimage[s]
Reading freightimage[s]
Reading freightimage[s]
Reading freightimage[s]
Reading freightimage[s]
Reading freightimage[s]
Reading freightimage[s]
Reading freightimage[s]
Reading freightimage[s]
Reading freightimage[s]
Reading freightimage[s]
Reading freightimage[s]
Reading freightimage[s]
Reading freightimage[s]
Reading freightimage[s]
Reading freightimage[s]
Reading freightimage[s]
Reading freightimage[s]
Reading freightimage[s]
Reading freightimage[s]
Reading freightimage[s]
Reading freightimage[s]
Reading freightimage[s]
Reading freightimage[s]
Reading freightimage[s]
Reading freightimage[s]
Reading freightimage[s]
Reading freightimage[s]
Reading freightimage[s]
Reading freightimage[s]
Reading freightimage[s]
Reading freightimage[s]
Reading freightimage[s]
Reading freightimage[s]
Reading freightimage[s]
Reading freightimage[s]
Reading freightimage[s]
Reading freightimage[s]
Reading freightimage[s]
Reading freightimage[s]
Reading freightimage[s]
Reading freightimage[s]
Reading freightimage[s]
Reading freightimage[s]
Reading freightimage[s]
Reading freightimage[s]
Reading freightimage[s]
Reading freightimage[s]
Reading freightimage[s]
Reading freightimage[s]
Reading freightimage[s]
Reading freightimage[s]
Reading freightimage[s]
Reading freightimage[s]
Reading freightimage[s]
Reading freightimage[s]
Reading freightimage[s]
Reading freightimage[s]
Reading freightimage[s]
Reading freightimage[s]
Reading freightimage[s]
Reading freightimage[s]
Reading freightimage[s]
Reading freightimage[s]
Reading freightimage[s]
Reading freightimage[s]
Reading freightimage[s]
Reading freightimage[s]
Reading freightimage[s]
Reading freightimage[s]
Reading freightimage[s]
Reading freightimage[s]
Reading freightimage[s]
Reading freightimage[s]
Reading freightimage[s]
Reading freightimage[s]
Reading freightimage[s]
Reading freightimage[s]
Reading freightimage[s]
Reading freightimage[s]
Reading freightimage[s]
Reading freightimage[s]
Reading freightimage[s]
Reading freightimage[s]
Reading freightimage[s]
Reading freightimage[s]
Reading freightimage[s]
Reading freightimage[s]
Reading freightimage[s]
Reading freightimage[s]
Reading freightimage[s]
Reading freightimage[s]
Reading freightimage[s]
Reading freightimage[s]
Reading freightimage[s]
Reading freightimage[s]
Reading freightimage[s]
Reading freightimage[s]
Reading freightimage[s]
Appending freightimage[s]
Appending freightimage[w]
Appending freightimage[sw]
Appending freightimage[se]
Appending freightimage[n]
Appending freightimage[e]
Appending freightimage[ne]
Appending freightimage[nw]
Writing 8 single livery empty images
Writing 8 single type single livery freight images
   writing file ./vehicle.Sandtransporter.pak
      packing vehicle.Sandtransporter
Reading freightimage[0][s]
Reading freightimage[1][s]
Reading freightimage[2][s]
Reading freightimage[3][s]
Reading freightimage[4][s]
Reading freightimage[0][s][0]
Reading emptyimage[s][0]
Reading freightimage[s][0]
Reading freightimage[s]
Appending freightimage[0][s]
Appending freightimage[1][s]
Appending freightimage[2][s]
Appending freightimage[3][s]
Appending freightimage[0][w]
Appending freightimage[1][w]
Appending freightimage[2][w]
Appending freightimage[3][w]
Appending freightimage[0][sw]
Appending freightimage[1][sw]
Appending freightimage[2][sw]
Appending freightimage[3][sw]
Appending freightimage[0][se]
Appending freightimage[1][se]
Appending freightimage[2][se]
Appending freightimage[3][se]
Appending freightimage[0][n]
Appending freightimage[1][n]
Appending freightimage[2][n]
Appending freightimage[3][n]
Appending freightimage[0][e]
Appending freightimage[1][e]
Appending freightimage[2][e]
Appending freightimage[3][e]
Appending freightimage[0][ne]
Appending freightimage[1][ne]
Appending freightimage[2][ne]
Appending freightimage[3][ne]
Appending freightimage[0][nw]
Appending freightimage[1][nw]
Appending freightimage[2][nw]
Appending freightimage[3][nw]
Writing 8 single livery empty images
Writing 32 single livery multiple type freight images
   writing file ./vehicle.SMPoiltruck.pak
      packing vehicle.SMPoiltruck
Reading freightimage[0][s]
Reading freightimage[0][s][0]
Reading emptyimage[s][0]
Reading freightimage[s][0]
Reading freightimage[s]
Writing 8 single livery empty images
Writing 0 non-images
   writing file ./vehicle.Stonetransporter.pak
      packing vehicle.Stonetransporter
Reading freightimage[0][s]
Reading freightimage[1][s]
Reading freightimage[2][s]
Reading freightimage[3][s]
Reading freightimage[4][s]
Reading freightimage[0][s][0]
Reading emptyimage[s][0]
Reading freightimage[s][0]
Reading freightimage[s]
Appending freightimage[0][s]
Appending freightimage[1][s]
Appending freightimage[2][s]
Appending freightimage[3][s]
Appending freightimage[0][w]
Appending freightimage[1][w]
Appending freightimage[2][w]
Appending freightimage[3][w]
Appending freightimage[0][sw]
Appending freightimage[1][sw]
Appending freightimage[2][sw]
Appending freightimage[3][sw]
Appending freightimage[0][se]
Appending freightimage[1][se]
Appending freightimage[2][se]
Appending freightimage[3][se]
Appending freightimage[0][n]
Appending freightimage[1][n]
Appending freightimage[2][n]
Appending freightimage[3][n]
Appending freightimage[0][e]
Appending freightimage[1][e]
Appending freightimage[2][e]
Appending freightimage[3][e]
Appending freightimage[0][ne]
Appending freightimage[1][ne]
Appending freightimage[2][ne]
Appending freightimage[3][ne]
Appending freightimage[0][nw]
Appending freightimage[1][nw]
Appending freightimage[2][nw]
Appending freightimage[3][nw]
Writing 8 single livery empty images
Writing 32 single livery multiple type freight images
   writing file ./vehicle.Brettertransporter.pak
      packing vehicle.Brettertransporter
Reading freightimage[0][s]
Reading freightimage[0][s][0]
Reading emptyimage[s][0]
Reading freightimage[s][0]
Reading freightimage[s]
Reading freightimage[s]
Reading freightimage[s]
Reading freightimage[s]
Reading freightimage[s]
Reading freightimage[s]
Reading freightimage[s]
Reading freightimage[s]
Reading freightimage[s]
Reading freightimage[s]
Reading freightimage[s]
Reading freightimage[s]
Reading freightimage[s]
Reading freightimage[s]
Reading freightimage[s]
Reading freightimage[s]
Reading freightimage[s]
Reading freightimage[s]
Reading freightimage[s]
Reading freightimage[s]
Reading freightimage[s]
Reading freightimage[s]
Reading freightimage[s]
Reading freightimage[s]
Reading freightimage[s]
Reading freightimage[s]
Reading freightimage[s]
Reading freightimage[s]
Reading freightimage[s]
Reading freightimage[s]
Reading freightimage[s]
Reading freightimage[s]
Reading freightimage[s]
Reading freightimage[s]
Reading freightimage[s]
Reading freightimage[s]
Reading freightimage[s]
Reading freightimage[s]
Reading freightimage[s]
Reading freightimage[s]
Reading freightimage[s]
Reading freightimage[s]
Reading freightimage[s]
Reading freightimage[s]
Reading freightimage[s]
Reading freightimage[s]
Reading freightimage[s]
Reading freightimage[s]
Reading freightimage[s]
Reading freightimage[s]
Reading freightimage[s]
Reading freightimage[s]
Reading freightimage[s]
Reading freightimage[s]
Reading freightimage[s]
Reading freightimage[s]
Reading freightimage[s]
Reading freightimage[s]
Reading freightimage[s]
Reading freightimage[s]
Reading freightimage[s]
Reading freightimage[s]
Reading freightimage[s]
Reading freightimage[s]
Reading freightimage[s]
Reading freightimage[s]
Reading freightimage[s]
Reading freightimage[s]
Reading freightimage[s]
Reading freightimage[s]
Reading freightimage[s]
Reading freightimage[s]
Reading freightimage[s]
Reading freightimage[s]
Reading freightimage[s]
Reading freightimage[s]
Reading freightimage[s]
Reading freightimage[s]
Reading freightimage[s]
Reading freightimage[s]
Reading freightimage[s]
Reading freightimage[s]
Reading freightimage[s]
Reading freightimage[s]
Reading freightimage[s]
Reading freightimage[s]
Reading freightimage[s]
Reading freightimage[s]
Reading freightimage[s]
Reading freightimage[s]
Reading freightimage[s]
Reading freightimage[s]
Reading freightimage[s]
Reading freightimage[s]
Reading freightimage[s]
Reading freightimage[s]
Reading freightimage[s]
Reading freightimage[s]
Reading freightimage[s]
Reading freightimage[s]
Reading freightimage[s]
Reading freightimage[s]
Reading freightimage[s]
Reading freightimage[s]
Reading freightimage[s]
Reading freightimage[s]
Reading freightimage[s]
Reading freightimage[s]
Reading freightimage[s]
Reading freightimage[s]
Reading freightimage[s]
Reading freightimage[s]
Reading freightimage[s]
Reading freightimage[s]
Reading freightimage[s]
Reading freightimage[s]
Reading freightimage[s]
Reading freightimage[s]
Reading freightimage[s]
Reading freightimage[s]
Reading freightimage[s]
Reading freightimage[s]
Reading freightimage[s]
Reading freightimage[s]
Reading freightimage[s]
Reading freightimage[s]
Reading freightimage[s]
Appending freightimage[s]
Appending freightimage[w]
Appending freightimage[sw]
Appending freightimage[se]
Appending freightimage[n]
Appending freightimage[e]
Appending freightimage[ne]
Appending freightimage[nw]
Writing 8 single livery empty images
Writing 8 single type single livery freight images
