
Makeobj-Experimental, based on Makeobj version 52 for Simutrans 110.0.6 Experimental 9.9 and higher
Experimental version by James E. Petts, derived from Makeobj, (c) 2002-2006 V. Meyer , Hj. Malthaner and 
M. Pristovsek (markus@pristovsek.de). This is open source software, released under the Artistic Licence.

writing invidual files to ./
   reading file ./goods.dat
   writing file ./good.Passagiere.pak
      packing good.Passagiere
   writing file ./good.Post.pak
      packing good.Post
   writing file ./good.None.pak
      packing good.None
   writing file ./good.Kohle.pak
      packing good.Kohle
   writing file ./good.Eisenerz.pak
      packing good.Eisenerz
   writing file ./good.Stone.pak
      packing good.Stone
   writing file ./good.Sand.pak
      packing good.Sand
   writing file ./good.Stahl.pak
      packing good.Stahl
   writing file ./good.Holz.pak
      packing good.Holz
   writing file ./good.Bretter.pak
      packing good.Bretter
   writing file ./good.Oel.pak
      packing good.Oel
   writing file ./good.Gasoline.pak
      packing good.Gasoline
   writing file ./good.Plastik.pak
      packing good.Plastik
   writing file ./good.PrintersInk.pak
      packing good.PrintersInk
   writing file ./good.Chemicals.pak
      packing good.Chemicals
   writing file ./good.Medicine.pak
      packing good.Medicine
   writing file ./good.Buecher.pak
      packing good.Buecher
   writing file ./good.Moebel.pak
      packing good.Moebel
   writing file ./good.Autos.pak
      packing good.Autos
   writing file ./good.Papier.pak
      packing good.Papier
   writing file ./good.Cement.pak
      packing good.Cement
   writing file ./good.Concrete.pak
      packing good.Concrete
