
Makeobj-Experimental, based on Makeobj version 52 for Simutrans 110.0.6 Experimental 9.9 and higher
Experimental version by James E. Petts, derived from Makeobj, (c) 2002-2006 V. Meyer , Hj. Malthaner and 
M. Pristovsek (markus@pristovsek.de). This is open source software, released under the Artistic Licence.

writing invidual files to ./
   reading file ./vehicles.dat
   writing file ./vehicle.Milk_Waggon.pak
      packing vehicle.Milk_Waggon
Reading freightimage[0][s]
Reading freightimage[0][s][0]
Reading emptyimage[s][0]
Reading freightimage[s][0]
Reading freightimage[s]
Writing 4 single livery empty images
Writing 0 non-images
   writing file ./vehicle.Cooling_Waggon.pak
      packing vehicle.Cooling_Waggon
Reading freightimage[0][s]
Reading freightimage[0][s][0]
Reading emptyimage[s][0]
Reading freightimage[s][0]
Reading freightimage[s]
Writing 4 single livery empty images
Writing 0 non-images
   writing file ./vehicle.Cooling_Container.pak
      packing vehicle.Cooling_Container
Reading freightimage[0][s]
Reading freightimage[0][s][0]
Reading emptyimage[s][0]
Reading freightimage[s][0]
Reading freightimage[s]
Reading freightimage[s]
Reading freightimage[s]
Reading freightimage[s]
Reading freightimage[s]
Reading freightimage[s]
Reading freightimage[s]
Reading freightimage[s]
Reading freightimage[s]
Reading freightimage[s]
Reading freightimage[s]
Reading freightimage[s]
Reading freightimage[s]
Reading freightimage[s]
Reading freightimage[s]
Reading freightimage[s]
Reading freightimage[s]
Reading freightimage[s]
Reading freightimage[s]
Reading freightimage[s]
Reading freightimage[s]
Reading freightimage[s]
Reading freightimage[s]
Reading freightimage[s]
Reading freightimage[s]
Reading freightimage[s]
Reading freightimage[s]
Reading freightimage[s]
Reading freightimage[s]
Reading freightimage[s]
Reading freightimage[s]
Reading freightimage[s]
Reading freightimage[s]
Reading freightimage[s]
Reading freightimage[s]
Reading freightimage[s]
Reading freightimage[s]
Reading freightimage[s]
Reading freightimage[s]
Reading freightimage[s]
Reading freightimage[s]
Reading freightimage[s]
Reading freightimage[s]
Reading freightimage[s]
Reading freightimage[s]
Reading freightimage[s]
Reading freightimage[s]
Reading freightimage[s]
Reading freightimage[s]
Reading freightimage[s]
Reading freightimage[s]
Reading freightimage[s]
Reading freightimage[s]
Reading freightimage[s]
Reading freightimage[s]
Reading freightimage[s]
Reading freightimage[s]
Reading freightimage[s]
Reading freightimage[s]
Reading freightimage[s]
Reading freightimage[s]
Reading freightimage[s]
Reading freightimage[s]
Reading freightimage[s]
Reading freightimage[s]
Reading freightimage[s]
Reading freightimage[s]
Reading freightimage[s]
Reading freightimage[s]
Reading freightimage[s]
Reading freightimage[s]
Reading freightimage[s]
Reading freightimage[s]
Reading freightimage[s]
Reading freightimage[s]
Reading freightimage[s]
Reading freightimage[s]
Reading freightimage[s]
Reading freightimage[s]
Reading freightimage[s]
Reading freightimage[s]
Reading freightimage[s]
Reading freightimage[s]
Reading freightimage[s]
Reading freightimage[s]
Reading freightimage[s]
Reading freightimage[s]
Reading freightimage[s]
Reading freightimage[s]
Reading freightimage[s]
Reading freightimage[s]
Reading freightimage[s]
Reading freightimage[s]
Reading freightimage[s]
Reading freightimage[s]
Reading freightimage[s]
Reading freightimage[s]
Reading freightimage[s]
Reading freightimage[s]
Reading freightimage[s]
Reading freightimage[s]
Reading freightimage[s]
Reading freightimage[s]
Reading freightimage[s]
Reading freightimage[s]
Reading freightimage[s]
Reading freightimage[s]
Reading freightimage[s]
Reading freightimage[s]
Reading freightimage[s]
Reading freightimage[s]
Reading freightimage[s]
Reading freightimage[s]
Reading freightimage[s]
Reading freightimage[s]
Reading freightimage[s]
Reading freightimage[s]
Reading freightimage[s]
Reading freightimage[s]
Reading freightimage[s]
Reading freightimage[s]
Reading freightimage[s]
Reading freightimage[s]
Reading freightimage[s]
Reading freightimage[s]
Reading freightimage[s]
Reading freightimage[s]
Appending freightimage[s]
Appending freightimage[w]
Appending freightimage[sw]
Appending freightimage[se]
Writing 4 single livery empty images
Writing 4 single type single livery freight images
   writing file ./vehicle.Fishing_Boat.pak
      packing vehicle.Fishing_Boat
Reading freightimage[0][s]
Reading freightimage[0][s][0]
Reading emptyimage[s][0]
Reading freightimage[s][0]
Reading freightimage[s]
Writing 8 single livery empty images
Writing 0 non-images
   writing file ./vehicle.Fishing_Boat_DanMacK.pak
      packing vehicle.Fishing_Boat_DanMacK
Reading freightimage[0][s]
Reading freightimage[0][s][0]
Reading emptyimage[s][0]
Reading freightimage[s][0]
Reading freightimage[s]
Writing 8 single livery empty images
Writing 0 non-images
   writing file ./vehicle.Milk_Truck.pak
      packing vehicle.Milk_Truck
Reading freightimage[0][s]
Reading freightimage[0][s][0]
Reading emptyimage[s][0]
Reading freightimage[s][0]
Reading freightimage[s]
Writing 8 single livery empty images
Writing 0 non-images
   writing file ./vehicle.Cooling_Truck.pak
      packing vehicle.Cooling_Truck
Reading freightimage[0][s]
Reading freightimage[0][s][0]
Reading emptyimage[s][0]
Reading freightimage[s][0]
Reading freightimage[s]
Writing 8 single livery empty images
Writing 0 non-images
