
Makeobj-Experimental, based on Makeobj version 52 for Simutrans 110.0.6 Experimental 9.9 and higher
Experimental version by James E. Petts, derived from Makeobj, (c) 2002-2006 V. Meyer , Hj. Malthaner and 
M. Pristovsek (markus@pristovsek.de). This is open source software, released under the Artistic Licence.

Image size is set to 64x64
writing invidual files to ./
   reading file ./texturegrounds.dat
   writing file ./ground.LightTexture.pak
      packing ground.LightTexture
   writing file ./ground.ClimateTexture.pak
      packing ground.ClimateTexture
   writing file ./ground.ShoreTrans.pak
      packing ground.ShoreTrans
   writing file ./ground.SlopeTrans.pak
      packing ground.SlopeTrans
   writing file ./ground.Basement.pak
      packing ground.Basement
   writing file ./ground.Slopes.pak
      packing ground.Slopes
   writing file ./ground.Fence.pak
      packing ground.Fence
   writing file ./ground.Marker.pak
      packing ground.Marker
   writing file ./ground.Borders.pak
      packing ground.Borders
   writing file ./ground.Water.pak
      packing ground.Water
